<?xml version="1.0" encoding="UTF-8"?>
<!-- Generated by org.testng.reporters.JUnitReportReporter -->
<testsuite skipped="0" hostname="LT-NXT-28-NIKHIL" name="nextenture.javamaven.FirstTest" tests="2" failures="0" timestamp="2022-06-15T00:48:21 IST" time="0.009" errors="0">
  <testcase name="firstTestCase" time="0.008" classname="nextenture.javamaven.FirstTest"/>
  <system-out/>
  <testcase name="fourthTestCase" time="0.001" classname="nextenture.javamaven.FirstTest"/>
  <system-out/>
</testsuite> <!-- nextenture.javamaven.FirstTest -->
