<?xml version="1.0" encoding="UTF-8"?>
<!-- Generated by org.testng.reporters.JUnitReportReporter -->
<testsuite skipped="0" hostname="LT-NXT-28-NIKHIL" name="nextenture.javamaven.secondTest" tests="2" failures="0" timestamp="2022-06-15T00:48:21 IST" time="0.001" errors="0">
  <testcase name="thirdTestCase" time="0.001" classname="nextenture.javamaven.secondTest"/>
  <system-out/>
  <testcase name="secondTestCase" time="0.000" classname="nextenture.javamaven.secondTest"/>
  <system-out/>
</testsuite> <!-- nextenture.javamaven.secondTest -->
